<?xml version="1.0" encoding="UTF-8" ?>
<testsuite errors="0" failures="0" hostname="Mr_NoBody" name="course.controller.message_servlet.MessageServletTest" skipped="0" tests="7" time="1.04" timestamp="2025-05-03T09:45:17">
  <properties>
    <property name="libs.spring-framework300.classpath" value="D:\Applications\NetBeans-17\netbeans\platform\modules\org-apache-commons-logging.jar;D:\Applications\NetBeans-17\netbeans\java\modules\ext\cglib-2.2.jar;D:\Applications\NetBeans-17\netbeans\java\modules\ext\spring-3.0\spring-aop-3.2.18.RELEASE.jar;D:\Applications\NetBeans-17\netbeans\java\modules\ext\spring-3.0\spring-aspects-3.2.18.RELEASE.jar;D:\Applications\NetBeans-17\netbeans\java\modules\ext\spring-3.0\spring-beans-3.2.18.RELEASE.jar;D:\Applications\NetBeans-17\netbeans\java\modules\ext\spring-3.0\spring-context-3.2.18.RELEASE.jar;D:\Applications\NetBeans-17\netbeans\java\modules\ext\spring-3.0\spring-context-support-3.2.18.RELEASE.jar;D:\Applications\NetBeans-17\netbeans\java\modules\ext\spring-3.0\spring-core-3.2.18.RELEASE.jar;D:\Applications\NetBeans-17\netbeans\java\modules\ext\spring-3.0\spring-expression-3.2.18.RELEASE.jar;D:\Applications\NetBeans-17\netbeans\java\modules\ext\spring-3.0\spring-instrument-3.2.18.RELEASE.jar;D:\Applications\NetBeans-17\netbeans\java\modules\ext\spring-3.0\spring-instrument-tomcat-3.2.18.RELEASE.jar;D:\Applications\NetBeans-17\netbeans\java\modules\ext\spring-3.0\spring-jdbc-3.2.18.RELEASE.jar;D:\Applications\NetBeans-17\netbeans\java\modules\ext\spring-3.0\spring-jms-3.2.18.RELEASE.jar;D:\Applications\NetBeans-17\netbeans\java\modules\ext\spring-3.0\spring-orm-3.2.18.RELEASE.jar;D:\Applications\NetBeans-17\netbeans\java\modules\ext\spring-3.0\spring-oxm-3.2.18.RELEASE.jar;D:\Applications\NetBeans-17\netbeans\java\modules\ext\spring-3.0\spring-struts-3.2.18.RELEASE.jar;D:\Applications\NetBeans-17\netbeans\java\modules\ext\spring-3.0\spring-test-3.2.18.RELEASE.jar;D:\Applications\NetBeans-17\netbeans\java\modules\ext\spring-3.0\spring-tx-3.2.18.RELEASE.jar;D:\Applications\NetBeans-17\netbeans\java\modules\ext\spring-3.0\spring-web-3.2.18.RELEASE.jar;D:\Applications\NetBeans-17\netbeans\java\modules\ext\spring-3.0\spring-webmvc-3.2.18.RELEASE.jar;D:\Applications\NetBeans-17\netbeans\java\modules\ext\spring-3.0\spring-webmvc-portlet-3.2.18.RELEASE.jar" />
    <property name="javac.test.classpath" value="D:\Applications\NetBeans-17\netbeans\platform\modules\ext\junit-4.13.2.jar:D:\Applications\NetBeans-17\netbeans\platform\modules\ext\hamcrest-core-1.3.jar:E:\Programing Language\Library\Java Web Application Netbeans\Jarkata Lib\jakarta.activation-2.0.1.jar;E:\Programing Language\Library\Java Web Application Netbeans\Jarkata Lib\jakarta.mail-2.0.1.jar;E:\Programing Language\Library\Java Web Application Netbeans\Jarkata Lib\jakarta.servlet.jsp.jstl-2.0.0.jar;E:\Programing Language\Library\Java Web Application Netbeans\Jarkata Lib\jakarta.servlet.jsp.jstl-api-2.0.0.jar;E:\Programing Language\Library\Java Web Application Netbeans\Jarkata Lib\jaxb-api-2.1.jar;E:\Programing Language\Library\Java Web Application Netbeans\Jarkata Lib\sqljdbc42.jar;E:\Programing Language\Library\Java Web Application Netbeans\Jackson Lib\jackson-annotations-2.15.2-javadoc.jar;E:\Programing Language\Library\Java Web Application Netbeans\Jackson Lib\jackson-core-2.15.2-javadoc.jar;E:\Programing Language\Library\Java Web Application Netbeans\Jackson Lib\jackson-databind-2.15.2-javadoc.jar;E:\Programing Language\Library\Java Web Application Netbeans\Mock Lib\byte-buddy-1.12.12.jar;E:\Programing Language\Library\Java Web Application Netbeans\Mock Lib\mockito-core-2.8.47.jar;E:\Programing Language\Library\Java Web Application Netbeans\Mock Lib\objenesis-3.2.jar;E:\Programing Language\Library\Java Web Application Netbeans\Lombok Lib\lombok-1.18.30.jar:build/web/WEB-INF/classes" />
    <property name="java.specification.version" value="17" />
    <property name="auxiliary.org-netbeans-modules-css-prep.sass_2e_mappings" value="/scss:/css" />
    <property name="libs.spring-framework500.classpath" value="D:\Applications\NetBeans-17\netbeans\platform\modules\org-apache-commons-logging.jar;D:\Applications\NetBeans-17\netbeans\java\modules\ext\cglib-2.2.jar;D:\Applications\NetBeans-17\netbeans\java\modules\ext\spring-5\spring-aop-5.2.9.RELEASE.jar;D:\Applications\NetBeans-17\netbeans\java\modules\ext\spring-5\spring-aspects-5.2.9.RELEASE.jar;D:\Applications\NetBeans-17\netbeans\java\modules\ext\spring-5\spring-beans-5.2.9.RELEASE.jar;D:\Applications\NetBeans-17\netbeans\java\modules\ext\spring-5\spring-context-5.2.9.RELEASE.jar;D:\Applications\NetBeans-17\netbeans\java\modules\ext\spring-5\spring-context-indexer-5.2.9.RELEASE.jar;D:\Applications\NetBeans-17\netbeans\java\modules\ext\spring-5\spring-context-support-5.2.9.RELEASE.jar;D:\Applications\NetBeans-17\netbeans\java\modules\ext\spring-5\spring-core-5.2.9.RELEASE.jar;D:\Applications\NetBeans-17\netbeans\java\modules\ext\spring-5\spring-expression-5.2.9.RELEASE.jar;D:\Applications\NetBeans-17\netbeans\java\modules\ext\spring-5\spring-instrument-5.2.9.RELEASE.jar;D:\Applications\NetBeans-17\netbeans\java\modules\ext\spring-5\spring-jcl-5.2.9.RELEASE.jar;D:\Applications\NetBeans-17\netbeans\java\modules\ext\spring-5\spring-jdbc-5.2.9.RELEASE.jar;D:\Applications\NetBeans-17\netbeans\java\modules\ext\spring-5\spring-jms-5.2.9.RELEASE.jar;D:\Applications\NetBeans-17\netbeans\java\modules\ext\spring-5\spring-messaging-5.2.9.RELEASE.jar;D:\Applications\NetBeans-17\netbeans\java\modules\ext\spring-5\spring-orm-5.2.9.RELEASE.jar;D:\Applications\NetBeans-17\netbeans\java\modules\ext\spring-5\spring-oxm-5.2.9.RELEASE.jar;D:\Applications\NetBeans-17\netbeans\java\modules\ext\spring-5\spring-test-5.2.9.RELEASE.jar;D:\Applications\NetBeans-17\netbeans\java\modules\ext\spring-5\spring-tx-5.2.9.RELEASE.jar;D:\Applications\NetBeans-17\netbeans\java\modules\ext\spring-5\spring-web-5.2.9.RELEASE.jar;D:\Applications\NetBeans-17\netbeans\java\modules\ext\spring-5\spring-webflux-5.2.9.RELEASE.jar;D:\Applications\NetBeans-17\netbeans\java\modules\ext\spring-5\spring-webmvc-5.2.9.RELEASE.jar;D:\Applications\NetBeans-17\netbeans\java\modules\ext\spring-5\spring-websocket-5.2.9.RELEASE.jar" />
    <property name="j2ee.server.home" value="D:/Applications/Apache Software Foundation/Tomcat 10.1" />
    <property name="libs.spring-webmvc4.0.javadoc" value="" />
    <property name="libs.spring-framework400.classpath" value="D:\Applications\NetBeans-17\netbeans\platform\modules\org-apache-commons-logging.jar;D:\Applications\NetBeans-17\netbeans\java\modules\ext\cglib-2.2.jar;D:\Applications\NetBeans-17\netbeans\java\modules\ext\spring-4\spring-aop-4.3.29.RELEASE.jar;D:\Applications\NetBeans-17\netbeans\java\modules\ext\spring-4\spring-aspects-4.3.29.RELEASE.jar;D:\Applications\NetBeans-17\netbeans\java\modules\ext\spring-4\spring-beans-4.3.29.RELEASE.jar;D:\Applications\NetBeans-17\netbeans\java\modules\ext\spring-4\spring-context-4.3.29.RELEASE.jar;D:\Applications\NetBeans-17\netbeans\java\modules\ext\spring-4\spring-context-support-4.3.29.RELEASE.jar;D:\Applications\NetBeans-17\netbeans\java\modules\ext\spring-4\spring-core-4.3.29.RELEASE.jar;D:\Applications\NetBeans-17\netbeans\java\modules\ext\spring-4\spring-expression-4.3.29.RELEASE.jar;D:\Applications\NetBeans-17\netbeans\java\modules\ext\spring-4\spring-instrument-4.3.29.RELEASE.jar;D:\Applications\NetBeans-17\netbeans\java\modules\ext\spring-4\spring-instrument-tomcat-4.3.29.RELEASE.jar;D:\Applications\NetBeans-17\netbeans\java\modules\ext\spring-4\spring-jdbc-4.3.29.RELEASE.jar;D:\Applications\NetBeans-17\netbeans\java\modules\ext\spring-4\spring-jms-4.3.29.RELEASE.jar;D:\Applications\NetBeans-17\netbeans\java\modules\ext\spring-4\spring-messaging-4.3.29.RELEASE.jar;D:\Applications\NetBeans-17\netbeans\java\modules\ext\spring-4\spring-orm-4.3.29.RELEASE.jar;D:\Applications\NetBeans-17\netbeans\java\modules\ext\spring-4\spring-oxm-4.3.29.RELEASE.jar;D:\Applications\NetBeans-17\netbeans\java\modules\ext\spring-4\spring-test-4.3.29.RELEASE.jar;D:\Applications\NetBeans-17\netbeans\java\modules\ext\spring-4\spring-tx-4.3.29.RELEASE.jar;D:\Applications\NetBeans-17\netbeans\java\modules\ext\spring-4\spring-web-4.3.29.RELEASE.jar;D:\Applications\NetBeans-17\netbeans\java\modules\ext\spring-4\spring-webmvc-4.3.29.RELEASE.jar;D:\Applications\NetBeans-17\netbeans\java\modules\ext\spring-4\spring-webmvc-portlet-4.3.29.RELEASE.jar;D:\Applications\NetBeans-17\netbeans\java\modules\ext\spring-4\spring-websocket-4.3.29.RELEASE.jar" />
    <property name="test.binaryincludes" value="&lt;nothing&gt;" />
    <property name="jspc.dtds" value="/resources/dtds/" />
    <property name="debug-transport" value="dt_shmem" />
    <property name="j2ee.platform.classpath" value="D:/Applications/Apache Software Foundation/Tomcat 10.1/bin/tomcat-juli.jar:D:/Applications/Apache Software Foundation/Tomcat 10.1/lib/annotations-api.jar:D:/Applications/Apache Software Foundation/Tomcat 10.1/lib/catalina-ant.jar:D:/Applications/Apache Software Foundation/Tomcat 10.1/lib/catalina-ha.jar:D:/Applications/Apache Software Foundation/Tomcat 10.1/lib/catalina-ssi.jar:D:/Applications/Apache Software Foundation/Tomcat 10.1/lib/catalina-storeconfig.jar:D:/Applications/Apache Software Foundation/Tomcat 10.1/lib/catalina-tribes.jar:D:/Applications/Apache Software Foundation/Tomcat 10.1/lib/catalina.jar:D:/Applications/Apache Software Foundation/Tomcat 10.1/lib/ecj-4.27.jar:D:/Applications/Apache Software Foundation/Tomcat 10.1/lib/el-api.jar:D:/Applications/Apache Software Foundation/Tomcat 10.1/lib/jakartaee-migration-1.0.9-shaded.jar:D:/Applications/Apache Software Foundation/Tomcat 10.1/lib/jasper-el.jar:D:/Applications/Apache Software Foundation/Tomcat 10.1/lib/jasper.jar:D:/Applications/Apache Software Foundation/Tomcat 10.1/lib/jaspic-api.jar:D:/Applications/Apache Software Foundation/Tomcat 10.1/lib/jsp-api.jar:D:/Applications/Apache Software Foundation/Tomcat 10.1/lib/servlet-api.jar:D:/Applications/Apache Software Foundation/Tomcat 10.1/lib/tomcat-api.jar:D:/Applications/Apache Software Foundation/Tomcat 10.1/lib/tomcat-coyote-ffm.jar:D:/Applications/Apache Software Foundation/Tomcat 10.1/lib/tomcat-coyote.jar:D:/Applications/Apache Software Foundation/Tomcat 10.1/lib/tomcat-dbcp.jar:D:/Applications/Apache Software Foundation/Tomcat 10.1/lib/tomcat-i18n-cs.jar:D:/Applications/Apache Software Foundation/Tomcat 10.1/lib/tomcat-i18n-de.jar:D:/Applications/Apache Software Foundation/Tomcat 10.1/lib/tomcat-i18n-es.jar:D:/Applications/Apache Software Foundation/Tomcat 10.1/lib/tomcat-i18n-fr.jar:D:/Applications/Apache Software Foundation/Tomcat 10.1/lib/tomcat-i18n-ja.jar:D:/Applications/Apache Software Foundation/Tomcat 10.1/lib/tomcat-i18n-ko.jar:D:/Applications/Apache Software Foundation/Tomcat 10.1/lib/tomcat-i18n-pt-BR.jar:D:/Applications/Apache Software Foundation/Tomcat 10.1/lib/tomcat-i18n-ru.jar:D:/Applications/Apache Software Foundation/Tomcat 10.1/lib/tomcat-i18n-zh-CN.jar:D:/Applications/Apache Software Foundation/Tomcat 10.1/lib/tomcat-jdbc.jar:D:/Applications/Apache Software Foundation/Tomcat 10.1/lib/tomcat-jni.jar:D:/Applications/Apache Software Foundation/Tomcat 10.1/lib/tomcat-util-scan.jar:D:/Applications/Apache Software Foundation/Tomcat 10.1/lib/tomcat-util.jar:D:/Applications/Apache Software Foundation/Tomcat 10.1/lib/tomcat-websocket.jar:D:/Applications/Apache Software Foundation/Tomcat 10.1/lib/websocket-api.jar:D:/Applications/Apache Software Foundation/Tomcat 10.1/lib/websocket-client-api.jar" />
    <property name="libs.javaee-web-api-8.0.src" value="" />
    <property name="java.vendor.url" value="https://java.oracle.com/" />
    <property name="libs.eclipselink.javadoc" value="D:\Applications\NetBeans-17\netbeans\java\modules\ext\docs\jakarta.persistence-2.2.3-doc.zip" />
    <property name="libs.jsp-compilation.src" value="" />
    <property name="do.war.package.with.custom.manifest" value="true" />
    <property name="libs.JWSAntTasks.javadoc" value="" />
    <property name="sun.boot.library.path" value="E:\Programing Language\Environment\Java Netbean\jdk-17\bin" />
    <property name="sun.java.command" value="org.apache.tools.ant.taskdefs.optional.junit.JUnitTestRunner course.controller.message_servlet.MessageServletTest skipNonTests=false filtertrace=true haltOnError=false haltOnFailure=false showoutput=true outputtoformatters=true logfailedtests=true threadid=0 logtestlistenerevents=true formatter=org.apache.tools.ant.taskdefs.optional.junit.BriefJUnitResultFormatter formatter=org.apache.tools.ant.taskdefs.optional.junit.XMLJUnitResultFormatter,E:\Programing Language\Code\Java NetBeans\Project\SWP391Project\build\test\results\TEST-course.controller.message_servlet.MessageServletTest.xml crashfile=E:\Programing Language\Code\Java NetBeans\Project\SWP391Project\build\junitvmwatcher981077275209473829.properties propsfile=E:\Programing Language\Code\Java NetBeans\Project\SWP391Project\build\junit4088193029244745507.properties" />
    <property name="jdk.debug" value="release" />
    <property name="j2ee.platform.embeddableejb.classpath" value="" />
    <property name="libs.spring-framework300.src" value="" />
    <property name="javadoc.use" value="true" />
    <property name="javadoc.notree" value="false" />
    <property name="basedir" value="E:\Programing Language\Code\Java NetBeans\Project\SWP391Project" />
    <property name="forceRedeploy" value="false" />
    <property name="java.vm.specification.vendor" value="Oracle Corporation" />
    <property name="java.specification.name" value="Java Platform API Specification" />
    <property name="libs.jsf20.classpath" value="D:\Applications\NetBeans-17\netbeans\enterprise\modules\ext\jsf-2_2\javax.faces.jar" />
    <property name="j2ee.copy.static.files.on.save" value="true" />
    <property name="netbeans.extbrowser.manual_chrome_plugin_install" value="yes" />
    <property name="libs.jakartaee-api-10.0.maven-pom" value="" />
    <property name="libs.spring-framework500.javadoc" value="" />
    <property name="netbeans.default_userdir_root" value="C:\Users\quann\AppData\Roaming\NetBeans" />
    <property name="application.args.param" value="" />
    <property name="libs.jsp-compilation-syscp.src" value="" />
    <property name="jdk.home" value="E:\Programing Language\Environment\Java Netbean\jdk-17" />
    <property name="java.runtime.version" value="17.0.12+8-LTS-286" />
    <property name="libs.eclipselink.maven-pom" value="" />
    <property name="libs.metro.maven-pom" value="" />
    <property name="libs.JAXB-ENDORSED.javadoc" value="" />
    <property name="sun.java2d.noddraw" value="true" />
    <property name="sun.zip.disableMemoryMapping" value="true" />
    <property name="libs.jsf12.src" value="" />
    <property name="libs.jsp-compilation.javadoc" value="" />
    <property name="libs.primefaces.javadoc" value="" />
    <property name="libs.groovy-all.maven-pom" value="" />
    <property name="libs.restapi.src" value="" />
    <property name="libs.junit_5.javadoc" value="D:\Applications\NetBeans-17\netbeans\platform\docs\junit-jupiter-api-5.6.0-javadoc.jar;D:\Applications\NetBeans-17\netbeans\platform\docs\junit-jupiter-params-5.6.0-javadoc.jar;D:\Applications\NetBeans-17\netbeans\platform\docs\junit-jupiter-engine-5.6.0-javadoc.jar" />
    <property name="dist.archive.excludes" value="" />
    <property name="java.io.tmpdir" value="C:\Users\quann\AppData\Local\Temp\" />
    <property name="java.version" value="17.0.12" />
    <property name="dist.ear.war" value="dist/SWP391Project.war" />
    <property name="java.vm.specification.name" value="Java Virtual Machine Specification" />
    <property name="libs.jakartaee-api-8.0.javadoc" value="D:\Applications\NetBeans-17\netbeans\enterprise\docs\jakartaee8-doc-api.jar" />
    <property name="lib.dir" value="web/WEB-INF/lib" />
    <property name="native.encoding" value="Cp1252" />
    <property name="libs.hamcrest.src" value="" />
    <property name="java.library.path" value="E:\Programing Language\Environment\Java Netbean\jdk-17\bin;C:\WINDOWS\Sun\Java\bin;C:\WINDOWS\system32;C:\WINDOWS;C:\Program Files\Common Files\Oracle\Java\javapath;C:\WINDOWS\system32;C:\WINDOWS;C:\WINDOWS\System32\Wbem;C:\WINDOWS\System32\WindowsPowerShell\v1.0\;C:\WINDOWS\System32\OpenSSH\;D:\Neovim\bin;D:\Git\bin;E:\Programing Language\Environment\Java Netbean\jdk-17\bin;D:\Download\nircmd-x64\;E:\Programing Language\Environment\arduino-cli;E:\Programing Language\Environment\C-C+\bin;C:\ProgramData\chocolatey\bin;C:\Program Files\LLVM\bin;C:\Program Files (x86)\LLVM\bin;D:\PackageManager\Chocolatey\bin;C:\Program Files (x86)\Microsoft SQL Server\160\DTS\Binn\;C:\Program Files (x86)\Microsoft SQL Server\160\Tools\Binn\;C:\Program Files\Microsoft SQL Server\160\Tools\Binn\;C:\Program Files\Microsoft SQL Server\Client SDK\ODBC\170\Tools\Binn\;C:\Program Files\Microsoft SQL Server\160\DTS\Binn\;D:\Applications\nodejs\;C:\Program Files\dotnet\;E:\Programing Language\Environment\JDTLS;E:\Programing Language\Environment\JDTLS\jdk-21;C:\Program Files\Cloudflare\Cloudflare WARP\;D:\Applications\TortoiseGit\bin;D:\PackageManager\Scoop\shims;C:\Users\quann\AppData\Local\Programs\oh-my-posh\bin\;C:\Users\quann\AppData\Local\Microsoft\WindowsApps;D:\Microsoft VS Code\bin;D:\Theme\Theme Terminal\oh-my-posh\bin;D:\Neovim\bin;C:\Users\quann\AppData\Local\GitHubDesktop\bin;C:\Users\quann\AppData\Roaming\npm;;." />
    <property name="java.vendor" value="Oracle Corporation" />
    <property name="libs.groovy-all.src" value="" />
    <property name="libs.testng.javadoc" value="D:\Applications\NetBeans-17\netbeans\platform\docs\testng-6.13.1-javadoc.jar" />
    <property name="libs.testng.maven-pom" value="" />
    <property name="org.openide.version" value="deprecated" />
    <property name="libs.jaxb.src" value="" />
    <property name="sun.awt.enableExtraMouseButtons" value="true" />
    <property name="test.src.dir" value="test" />
    <property name="org.openide.major.version" value="IDE/1" />
    <property name="libs.spring-framework300.javadoc" value="" />
    <property name="build.web.excludes" value="**/*.java,**/*.form" />
    <property name="ap.proc.none.internal" value="" />
    <property name="org.openide.specification.version" value="6.2" />
    <property name="user.timezone" value="Asia/Saigon" />
    <property name="libs.jpa20-persistence.classpath" value="D:\Applications\NetBeans-17\netbeans\java\modules\ext\eclipselink\jakarta.persistence-2.2.3.jar" />
    <property name="java.vm.specification.version" value="17" />
    <property name="libs.eclipselinkmodelgen.javadoc" value="" />
    <property name="libs.junit_5.classpath" value="D:\Applications\NetBeans-17\netbeans\platform\modules\ext\junit-jupiter-api-5.6.0.jar;D:\Applications\NetBeans-17\netbeans\platform\modules\ext\junit-jupiter-params-5.6.0.jar;D:\Applications\NetBeans-17\netbeans\platform\modules\ext\junit-jupiter-engine-5.6.0.jar" />
    <property name="javadoc.noindex" value="false" />
    <property name="javadoc.private" value="false" />
    <property name="libs.MyLibrary.maven-pom" value="" />
    <property name="libs.spring-webmvc4.0.maven-pom" value="" />
    <property name="libs.JAXB-ENDORSED.maven-pom" value="" />
    <property name="user.home" value="C:\Users\quann" />
    <property name="ant.file.type.SWP391Project-impl" value="file" />
    <property name="libs.eclipselinkmodelgen.maven-pom" value="" />
    <property name="have.sources" value="true" />
    <property name="annotation.processing.processors.list" value="" />
    <property name="javac.deprecation" value="false" />
    <property name="build.generated.sources.dir" value="build/generated-sources" />
    <property name="plugin.manager.check.updates" value="false" />
    <property name="netbeans.autoupdate.language" value="en" />
    <property name="libs.eclipselinkmodelgen.src" value="" />
    <property name="build.compiler.emacs" value="true" />
    <property name="build.classes.excludes" value="**/*.java,**/*.form" />
    <property name="libs.jakartaee-web-api-9.0.classpath" value="D:\Applications\NetBeans-17\netbeans\enterprise\modules\ext\jakarta.jakartaee-web-api-9.0.0.jar" />
    <property name="libs.spring-webmvc4.0.classpath" value="D:\Applications\NetBeans-17\netbeans\java\modules\ext\spring-4\spring-webmvc-4.3.29.RELEASE.jar" />
    <property name="libs.javaee-endorsed-api-7.0.javadoc" value="D:\Applications\NetBeans-17\netbeans\enterprise\docs\javaee-doc-api.jar" />
    <property name="jna.nosys" value="false" />
    <property name="os.version" value="10.0" />
    <property name="netbeans.home" value="D:\Applications\NetBeans-17\netbeans\platform" />
    <property name="libs.CopyLibs.javadoc" value="" />
    <property name="debug-transport-by-os" value="dt_shmem" />
    <property name="libs.javaee-api-8.0.javadoc" value="D:\Applications\NetBeans-17\netbeans\enterprise\docs\javaee-doc-api.jar" />
    <property name="libs.jsf20.src" value="" />
    <property name="java.vm.name" value="Java HotSpot(TM) 64-Bit Server VM" />
    <property name="libs.jakartaee-api-10.0.javadoc" value="D:\Applications\NetBeans-17\netbeans\enterprise\docs\jakartaee10-doc-api.jar" />
    <property name="libs.jstl.javadoc" value="D:\Applications\NetBeans-17\netbeans\enterprise\docs\javaee-doc-api.jar" />
    <property name="libs.javaee-endorsed-api-7.0.maven-pom" value="" />
    <property name="libs.jaxws21.classpath" value="D:\Applications\NetBeans-17\netbeans\java\modules\ext\jaxws22\api\jakarta.jws-api.jar;D:\Applications\NetBeans-17\netbeans\java\modules\ext\jaxws22\api\jakarta.xml.soap-api.jar;D:\Applications\NetBeans-17\netbeans\java\modules\ext\jaxws22\api\jakarta.xml.ws-api.jar;D:\Applications\NetBeans-17\netbeans\java\modules\ext\jaxws22\FastInfoset.jar;D:\Applications\NetBeans-17\netbeans\java\modules\ext\jaxws22\gmbal-api-only.jar;D:\Applications\NetBeans-17\netbeans\java\modules\ext\jaxws22\ha-api.jar;D:\Applications\NetBeans-17\netbeans\java\modules\ext\jaxws22\jakarta.mail.jar;D:\Applications\NetBeans-17\netbeans\java\modules\ext\jaxws22\jaxws-rt.jar;D:\Applications\NetBeans-17\netbeans\java\modules\ext\jaxws22\jaxws-tools.jar;D:\Applications\NetBeans-17\netbeans\java\modules\ext\jaxws22\management-api.jar;D:\Applications\NetBeans-17\netbeans\java\modules\ext\jaxws22\mimepull.jar;D:\Applications\NetBeans-17\netbeans\java\modules\ext\jaxws22\policy.jar;D:\Applications\NetBeans-17\netbeans\java\modules\ext\jaxws22\saaj-impl.jar;D:\Applications\NetBeans-17\netbeans\java\modules\ext\jaxws22\stax-ex.jar;D:\Applications\NetBeans-17\netbeans\java\modules\ext\jaxws22\stax2-api.jar;D:\Applications\NetBeans-17\netbeans\java\modules\ext\jaxws22\streambuffer.jar;D:\Applications\NetBeans-17\netbeans\java\modules\ext\jaxws22\woodstox-core.jar;D:\Applications\NetBeans-17\netbeans\ide\modules\ext\jaxb\api\jaxb-api.jar;D:\Applications\NetBeans-17\netbeans\ide\modules\ext\jaxb\activation.jar;D:\Applications\NetBeans-17\netbeans\ide\modules\ext\jaxb\jaxb-impl.jar;D:\Applications\NetBeans-17\netbeans\ide\modules\ext\jaxb\jaxb-xjc.jar" />
    <property name="libs.restapi.classpath" value="D:\Applications\NetBeans-17\netbeans\enterprise\modules\ext\jaxrs-2.1\jakarta.ws.rs-api-2.1.6.jar" />
    <property name="os.arch" value="amd64" />
    <property name="build.generated.dir" value="build/generated" />
    <property name="libs.groovy-all.javadoc" value="" />
    <property name="libs.jakartaee-api-8.0.classpath" value="D:\Applications\NetBeans-17\netbeans\enterprise\modules\ext\jakarta.jakartaee-api-8.0.0.jar" />
    <property name="libs.javaee-web-api-7.0.javadoc" value="D:\Applications\NetBeans-17\netbeans\enterprise\docs\javaee-doc-api.jar" />
    <property name="libs.javaee-endorsed-api-6.0.src" value="" />
    <property name="libs.jsf12.maven-pom" value="" />
    <property name="libs.javaee-endorsed-api-7.0.classpath" value="D:\Applications\NetBeans-17\netbeans\enterprise\modules\ext\javaee7-endorsed\javax.annotation-api.jar;D:\Applications\NetBeans-17\netbeans\enterprise\modules\ext\javaee7-endorsed\javax.xml.soap-api.jar;D:\Applications\NetBeans-17\netbeans\enterprise\modules\ext\javaee7-endorsed\jaxb-api-osgi.jar;D:\Applications\NetBeans-17\netbeans\enterprise\modules\ext\javaee7-endorsed\jaxws-api.jar;D:\Applications\NetBeans-17\netbeans\enterprise\modules\ext\javaee7-endorsed\jsr181-api.jar" />
    <property name="org.netbeans.io.suspend" value="0" />
    <property name="libs.primefaces.maven-pom" value="" />
    <property name="directory.deployment.supported" value="true" />
    <property name="ant.project.name" value="SWP391Project" />
    <property name="dist.javadoc.dir" value="dist/javadoc" />
    <property name="default.javac.target" value="17" />
    <property name="javac.fork" value="false" />
    <property name="libs.eclipselink.classpath" value="D:\Applications\NetBeans-17\netbeans\java\modules\ext\eclipselink\org.eclipse.persistence.core-2.7.10.jar;D:\Applications\NetBeans-17\netbeans\java\modules\ext\eclipselink\org.eclipse.persistence.asm-9.2.0.jar;D:\Applications\NetBeans-17\netbeans\java\modules\ext\eclipselink\org.eclipse.persistence.antlr-2.7.10.jar;D:\Applications\NetBeans-17\netbeans\java\modules\ext\eclipselink\org.eclipse.persistence.jpa-2.7.10.jar;D:\Applications\NetBeans-17\netbeans\java\modules\ext\eclipselink\org.eclipse.persistence.jpa.jpql-2.7.10.jar;D:\Applications\NetBeans-17\netbeans\java\modules\ext\eclipselink\org.eclipse.persistence.moxy-2.7.10.jar;D:\Applications\NetBeans-17\netbeans\java\modules\ext\eclipselink\jakarta.persistence-2.2.3.jar" />
    <property name="selected.browser" value="default" />
    <property name="libs.struts.classpath" value="D:\Applications\NetBeans-17\netbeans\enterprise\modules\ext\struts\antlr-2.7.2.jar;D:\Applications\NetBeans-17\netbeans\enterprise\modules\ext\struts\bsf-2.3.0.jar;D:\Applications\NetBeans-17\netbeans\enterprise\modules\ext\struts\commons-beanutils-1.8.0.jar;D:\Applications\NetBeans-17\netbeans\enterprise\modules\ext\struts\commons-chain-1.2.jar;D:\Applications\NetBeans-17\netbeans\enterprise\modules\ext\struts\commons-digester-1.8.jar;D:\Applications\NetBeans-17\netbeans\enterprise\modules\ext\struts\commons-fileupload-1.1.1.jar;D:\Applications\NetBeans-17\netbeans\enterprise\modules\ext\struts\commons-io-1.1.jar;D:\Applications\NetBeans-17\netbeans\enterprise\modules\ext\struts\commons-logging-1.0.4.jar;D:\Applications\NetBeans-17\netbeans\enterprise\modules\ext\struts\commons-validator-1.3.1.jar;D:\Applications\NetBeans-17\netbeans\enterprise\modules\ext\struts\jstl-1.0.2.jar;D:\Applications\NetBeans-17\netbeans\enterprise\modules\ext\struts\oro-2.0.8.jar;D:\Applications\NetBeans-17\netbeans\enterprise\modules\ext\struts\standard-1.0.6.jar;D:\Applications\NetBeans-17\netbeans\enterprise\modules\ext\struts\struts-core-1.3.10.jar;D:\Applications\NetBeans-17\netbeans\enterprise\modules\ext\struts\struts-el-1.3.10.jar;D:\Applications\NetBeans-17\netbeans\enterprise\modules\ext\struts\struts-extras-1.3.10.jar;D:\Applications\NetBeans-17\netbeans\enterprise\modules\ext\struts\struts-faces-1.3.10.jar;D:\Applications\NetBeans-17\netbeans\enterprise\modules\ext\struts\struts-mailreader-dao-1.3.10.jar;D:\Applications\NetBeans-17\netbeans\enterprise\modules\ext\struts\struts-scripting-1.3.10.jar;D:\Applications\NetBeans-17\netbeans\enterprise\modules\ext\struts\struts-taglib-1.3.10.jar;D:\Applications\NetBeans-17\netbeans\enterprise\modules\ext\struts\struts-tiles-1.3.10.jar" />
    <property name="libs.MyLibrary.javadoc" value="" />
    <property name="libs.PostgreSQLDriver.maven-pom" value="" />
    <property name="libs.absolutelayout.src" value="" />
    <property name="testng.mode" value="testng" />
    <property name="j2ee.server.instance" value="tomcat101:home=D:\Applications\Apache Software Foundation\Tomcat 10.1" />
    <property name="annotation.processing.enabled.in.editor" value="true" />
    <property name="java.vm.compressedOopsMode" value="Zero based" />
    <property name="j2ee.compile.on.save" value="true" />
    <property name="netbeans.productversion" value="Apache NetBeans IDE 17" />
    <property name="libs.javaee-web-api-6.0.javadoc" value="D:\Applications\NetBeans-17\netbeans\enterprise\docs\javaee-doc-api.jar" />
    <property name="libs.javaee-api-7.0.maven-pom" value="" />
    <property name="libs.groovy-all.classpath" value="D:\Applications\NetBeans-17\netbeans\groovy\modules\ext\groovy-3.0.8.jar;D:\Applications\NetBeans-17\netbeans\groovy\modules\ext\groovy-ant-3.0.8.jar" />
    <property name="libs.absolutelayout.javadoc" value="" />
    <property name="libs.jaxb.maven-pom" value="" />
    <property name="libs.javaee-api-6.0.maven-pom" value="" />
    <property name="dist.dir" value="dist" />
    <property name="build.dir" value="build" />
    <property name="libs.graaljs.maven-pom" value="" />
    <property name="netbeans.autoupdate.variant" value="" />
    <property name="javadoc.version" value="false" />
    <property name="libs.metro.classpath" value="D:\Applications\NetBeans-17\netbeans\ide\modules\ext\jaxb\activation.jar;D:\Applications\NetBeans-17\netbeans\enterprise\modules\ext\metro\webservices-api.jar;D:\Applications\NetBeans-17\netbeans\enterprise\modules\ext\metro\webservices-extra-api.jar;D:\Applications\NetBeans-17\netbeans\enterprise\modules\ext\metro\webservices-extra.jar;D:\Applications\NetBeans-17\netbeans\enterprise\modules\ext\metro\webservices-rt.jar;D:\Applications\NetBeans-17\netbeans\enterprise\modules\ext\metro\webservices-tools.jar" />
    <property name="libs.metro.src" value="" />
    <property name="libs.CopyLibs.classpath" value="D:\Applications\NetBeans-17\netbeans\java\ant\extra\org-netbeans-modules-java-j2seproject-copylibstask.jar" />
    <property name="auxiliary.org-netbeans-modules-css-prep.less_2e_compiler_2e_options" value="" />
    <property name="sun.os.patch.level" value="" />
    <property name="deploy.ant.properties.file" value="C:\Users\quann\AppData\Roaming\NetBeans\17\tomcat101.properties" />
    <property name="javac.test.processorpath" value="D:\Applications\NetBeans-17\netbeans\platform\modules\ext\junit-4.13.2.jar:D:\Applications\NetBeans-17\netbeans\platform\modules\ext\hamcrest-core-1.3.jar:E:\Programing Language\Library\Java Web Application Netbeans\Jarkata Lib\jakarta.activation-2.0.1.jar;E:\Programing Language\Library\Java Web Application Netbeans\Jarkata Lib\jakarta.mail-2.0.1.jar;E:\Programing Language\Library\Java Web Application Netbeans\Jarkata Lib\jakarta.servlet.jsp.jstl-2.0.0.jar;E:\Programing Language\Library\Java Web Application Netbeans\Jarkata Lib\jakarta.servlet.jsp.jstl-api-2.0.0.jar;E:\Programing Language\Library\Java Web Application Netbeans\Jarkata Lib\jaxb-api-2.1.jar;E:\Programing Language\Library\Java Web Application Netbeans\Jarkata Lib\sqljdbc42.jar;E:\Programing Language\Library\Java Web Application Netbeans\Jackson Lib\jackson-annotations-2.15.2-javadoc.jar;E:\Programing Language\Library\Java Web Application Netbeans\Jackson Lib\jackson-core-2.15.2-javadoc.jar;E:\Programing Language\Library\Java Web Application Netbeans\Jackson Lib\jackson-databind-2.15.2-javadoc.jar;E:\Programing Language\Library\Java Web Application Netbeans\Mock Lib\byte-buddy-1.12.12.jar;E:\Programing Language\Library\Java Web Application Netbeans\Mock Lib\mockito-core-2.8.47.jar;E:\Programing Language\Library\Java Web Application Netbeans\Mock Lib\objenesis-3.2.jar;E:\Programing Language\Library\Java Web Application Netbeans\Lombok Lib\lombok-1.18.30.jar:build/web/WEB-INF/classes" />
    <property name="libs.javaee-web-api-7.0.maven-pom" value="" />
    <property name="libs.javaee-web-api-8.0.maven-pom" value="" />
    <property name="netbeans.dirs" value="D:\Applications\NetBeans-17\netbeans\nb;D:\Applications\NetBeans-17\netbeans\ergonomics;D:\Applications\NetBeans-17\netbeans\ide;D:\Applications\NetBeans-17\netbeans\extide;D:\Applications\NetBeans-17\netbeans\java;D:\Applications\NetBeans-17\netbeans\apisupport;D:\Applications\NetBeans-17\netbeans\webcommon;D:\Applications\NetBeans-17\netbeans\websvccommon;D:\Applications\NetBeans-17\netbeans\enterprise;D:\Applications\NetBeans-17\netbeans\mobility;D:\Applications\NetBeans-17\netbeans\profiler;D:\Applications\NetBeans-17\netbeans\python;D:\Applications\NetBeans-17\netbeans\php;D:\Applications\NetBeans-17\netbeans\identity;D:\Applications\NetBeans-17\netbeans\harness;D:\Applications\NetBeans-17\netbeans\cnd;D:\Applications\NetBeans-17\netbeans\cndext;D:\Applications\NetBeans-17\netbeans\cpplite;D:\Applications\NetBeans-17\netbeans\dlight;D:\Applications\NetBeans-17\netbeans\groovy;D:\Applications\NetBeans-17\netbeans\extra;D:\Applications\NetBeans-17\netbeans\javacard;D:\Applications\NetBeans-17\netbeans\javafx" />
    <property name="libs.hamcrest.maven-pom" value="" />
    <property name="javac.processorpath" value="D:\Applications\NetBeans-17\netbeans\platform\modules\ext\junit-4.13.2.jar:D:\Applications\NetBeans-17\netbeans\platform\modules\ext\hamcrest-core-1.3.jar:E:\Programing Language\Library\Java Web Application Netbeans\Jarkata Lib\jakarta.activation-2.0.1.jar;E:\Programing Language\Library\Java Web Application Netbeans\Jarkata Lib\jakarta.mail-2.0.1.jar;E:\Programing Language\Library\Java Web Application Netbeans\Jarkata Lib\jakarta.servlet.jsp.jstl-2.0.0.jar;E:\Programing Language\Library\Java Web Application Netbeans\Jarkata Lib\jakarta.servlet.jsp.jstl-api-2.0.0.jar;E:\Programing Language\Library\Java Web Application Netbeans\Jarkata Lib\jaxb-api-2.1.jar;E:\Programing Language\Library\Java Web Application Netbeans\Jarkata Lib\sqljdbc42.jar;E:\Programing Language\Library\Java Web Application Netbeans\Jackson Lib\jackson-annotations-2.15.2-javadoc.jar;E:\Programing Language\Library\Java Web Application Netbeans\Jackson Lib\jackson-core-2.15.2-javadoc.jar;E:\Programing Language\Library\Java Web Application Netbeans\Jackson Lib\jackson-databind-2.15.2-javadoc.jar;E:\Programing Language\Library\Java Web Application Netbeans\Mock Lib\byte-buddy-1.12.12.jar;E:\Programing Language\Library\Java Web Application Netbeans\Mock Lib\mockito-core-2.8.47.jar;E:\Programing Language\Library\Java Web Application Netbeans\Mock Lib\objenesis-3.2.jar;E:\Programing Language\Library\Java Web Application Netbeans\Lombok Lib\lombok-1.18.30.jar" />
    <property name="auxiliary.org-netbeans-modules-css-prep.less_2e_mappings" value="/less:/css" />
    <property name="libs.javaee-api-6.0.javadoc" value="D:\Applications\NetBeans-17\netbeans\enterprise\docs\javaee-doc-api.jar" />
    <property name="libs.JWSAntTasks.maven-pom" value="" />
    <property name="apple.laf.useScreenMenuBar" value="true" />
    <property name="sun.java.launcher" value="SUN_STANDARD" />
    <property name="jspc.schemas" value="/resources/schemas/" />
    <property name="user.country" value="US" />
    <property name="libs.jakartaee-api-9.0.maven-pom" value="" />
    <property name="libs.restapi.javadoc" value="" />
    <property name="libs.jpa20-persistence.src" value="" />
    <property name="display.browser" value="true" />
    <property name="endorsed.classpath" value="" />
    <property name="libs.spring-webmvc3.0.maven-pom" value="" />
    <property name="do.debug.server" value="true" />
    <property name="includes" value="course/controller/message_servlet/**/*Test.java" />
    <property name="do.display.browser" value="true" />
    <property name="libs.jsf12.javadoc" value="D:\Applications\NetBeans-17\netbeans\enterprise\docs\javaee-doc-api.jar" />
    <property name="libs.hamcrest.classpath" value="D:\Applications\NetBeans-17\netbeans\platform\modules\ext\hamcrest-core-1.3.jar" />
    <property name="javadoc.splitindex" value="true" />
    <property name="libs.JWSAntTasks.classpath" value="D:\Applications\NetBeans-17\netbeans\java\ant\extra\org-netbeans-modules-javawebstart-anttasks.jar" />
    <property name="junit.available" value="true" />
    <property name="javadoc.encoding" value="UTF-8" />
    <property name="j2ee.platform" value="10-web" />
    <property name="libs.jsp-compilation-syscp.maven-pom" value="" />
    <property name="netbeans.hash.code" value="unique=NB_EXTIDE_JAVA_PHP_WEBCOMMON_WEBEE02e49cc6b-a03d-422a-8e68-3bdfd629b32d_64ddea6c-07d0-4a2c-bcb0-4c27afaa7557" />
    <property name="libs.jstl.src" value="" />
    <property name="libs.spring-webmvc3.0.classpath" value="D:\Applications\NetBeans-17\netbeans\java\modules\ext\spring-3.0\spring-webmvc-3.2.18.RELEASE.jar" />
    <property name="java.runtime.name" value="Java(TM) SE Runtime Environment" />
    <property name="libs.jaxb.javadoc" value="D:\Applications\NetBeans-17\netbeans\ide\docs\jaxb-api-doc.jar" />
    <property name="libs.spring-framework500.maven-pom" value="" />
    <property name="run.jvmargs.ide" value="" />
    <property name="ant.core.lib" value="D:\Applications\NetBeans-17\netbeans\extide\ant\lib\ant.jar" />
    <property name="libs.jsp-compilation.maven-pom" value="" />
    <property name="libs.jakartaee-api-9.0.classpath" value="D:\Applications\NetBeans-17\netbeans\enterprise\modules\ext\jakarta.jakartaee-api-9.0.0.jar" />
    <property name="auxiliary.org-netbeans-modules-css-prep.less_2e_enabled" value="false" />
    <property name="libs.jakartaee-api-10.0.src" value="" />
    <property name="ignore.failing.tests" value="true" />
    <property name="libs.PostgreSQLDriver.javadoc" value="" />
    <property name="libs.jsp-compilation-syscp.classpath" value="D:\Applications\NetBeans-17\netbeans\extide\ant\lib\ant.jar;D:\Applications\NetBeans-17\netbeans\enterprise\modules\ext\servlet3.1-jsp2.3-api.jar;D:\Applications\NetBeans-17\netbeans\enterprise\modules\ext\glassfish-jspparser-4.0.jar;D:\Applications\NetBeans-17\netbeans\enterprise\modules\ext\jstl-impl.jar;D:\Applications\NetBeans-17\netbeans\enterprise\modules\ext\jsf-2_2\javax.faces.jar" />
    <property name="libs.jsp-compilation.classpath" value="D:\Applications\NetBeans-17\netbeans\extide\ant\lib\ant.jar;D:\Applications\NetBeans-17\netbeans\enterprise\modules\ext\servlet3.1-jsp2.3-api.jar;D:\Applications\NetBeans-17\netbeans\enterprise\modules\ext\glassfish-jspparser-4.0.jar;D:\Applications\NetBeans-17\netbeans\enterprise\modules\ext\jsf-2_2\javax.faces.jar;D:\Applications\NetBeans-17\netbeans\enterprise\modules\ext\jstl-api.jar;D:\Applications\NetBeans-17\netbeans\extide\ant\lib\ant-launcher.jar" />
    <property name="war.ear.name" value="SWP391Project.war" />
    <property name="webinf.dir" value="web/WEB-INF" />
    <property name="libs.javaee-api-6.0.classpath" value="D:\Applications\NetBeans-17\netbeans\enterprise\modules\ext\javaee-api-6.0.jar" />
    <property name="libs.javaee-api-7.0.classpath" value="D:\Applications\NetBeans-17\netbeans\enterprise\modules\ext\javaee-api-7.0.jar" />
    <property name="sun.cpu.isalist" value="amd64" />
    <property name="libs.restapi.maven-pom" value="" />
    <property name="javadoc.preview" value="true" />
    <property name="libs.jakartaee-web-api-10.0.src" value="" />
    <property name="sun.arch.data.model" value="64" />
    <property name="libs.jakartaee-web-api-9.0.maven-pom" value="" />
    <property name="libs.javaee-endorsed-api-7.0.src" value="" />
    <property name="annotation.processing.enabled" value="true" />
    <property name="libs.junit_5.src" value="D:\Applications\NetBeans-17\netbeans\platform\docs\junit-jupiter-api-5.6.0-sources.jar;D:\Applications\NetBeans-17\netbeans\platform\docs\junit-jupiter-params-5.6.0-sources.jar;D:\Applications\NetBeans-17\netbeans\platform\docs\junit-jupiter-engine-5.6.0-sources.jar" />
    <property name="libs.jaxb.classpath" value="D:\Applications\NetBeans-17\netbeans\ide\modules\ext\jaxb\jaxb-impl.jar;D:\Applications\NetBeans-17\netbeans\ide\modules\ext\jaxb\jaxb-xjc.jar;D:\Applications\NetBeans-17\netbeans\ide\modules\ext\jaxb\activation.jar;D:\Applications\NetBeans-17\netbeans\ide\modules\ext\jaxb\api\jaxb-api.jar" />
    <property name="libs.javaee-api-8.0.classpath" value="D:\Applications\NetBeans-17\netbeans\enterprise\modules\ext\javaee-api-8.0.jar" />
    <property name="libs.CopyLibs.src" value="" />
    <property name="java.specification.vendor" value="Oracle Corporation" />
    <property name="javac.source" value="17" />
    <property name="java.version.date" value="2024-07-16" />
    <property name="java.home" value="E:\Programing Language\Environment\Java Netbean\jdk-17" />
    <property name="jna.boot.library.name" value="jnidispatch-nb" />
    <property name="libs.PostgreSQLDriver.classpath" value="D:\Applications\NetBeans-17\netbeans\ide\modules\ext\postgresql-42.2.16.jar" />
    <property name="libs.graaljs.javadoc" value="" />
    <property name="libs.spring-webmvc3.0.javadoc" value="" />
    <property name="auxiliary.org-netbeans-modules-css-prep.sass_2e_enabled" value="false" />
    <property name="libs.JAXB-ENDORSED.src" value="" />
    <property name="do.display.browser.debug" value="true" />
    <property name="user.script" value="" />
    <property name="libs.spring-framework400.src" value="" />
    <property name="compile.jsps" value="false" />
    <property name="sun.management.compiler" value="HotSpot 64-Bit Tiered Compilers" />
    <property name="libs.graaljs.classpath" value="D:\Applications\NetBeans-17\netbeans\webcommon\modules\ext\js-20.3.0.jar;D:\Applications\NetBeans-17\netbeans\webcommon\modules\ext\js-launcher-20.3.0.jar;D:\Applications\NetBeans-17\netbeans\webcommon\modules\ext\regex-20.3.0.jar;D:\Applications\NetBeans-17\netbeans\webcommon\modules\ext\icu4j-67.1.jar;D:\Applications\NetBeans-17\netbeans\ide\modules\ext\graal-sdk-20.3.0.jar;D:\Applications\NetBeans-17\netbeans\ide\modules\ext\launcher-common-20.3.0.jar;D:\Applications\NetBeans-17\netbeans\ide\modules\ext\truffle-api-20.3.0.jar" />
    <property name="libs.javaee-web-api-6.0.classpath" value="D:\Applications\NetBeans-17\netbeans\enterprise\modules\ext\javaee-web-api-6.0.jar" />
    <property name="libs.jsp-compiler.javadoc" value="" />
    <property name="libs.javaee-web-api-7.0.classpath" value="D:\Applications\NetBeans-17\netbeans\enterprise\modules\ext\javaee-web-api-7.0.jar" />
    <property name="file.encoding" value="Cp1252" />
    <property name="j2ee.deploy.on.save" value="true" />
    <property name="java.util.logging.config.class" value="org.netbeans.core.startup.TopLogging" />
    <property name="libs.restlib.javadoc" value="" />
    <property name="nu.validator.checker.imageCandidateString.hasWidth" value="0" />
    <property name="build.web.dir" value="build/web" />
    <property name="libs.absolutelayout.classpath" value="D:\Applications\NetBeans-17\netbeans\java\modules\ext\AbsoluteLayout.jar" />
    <property name="libs.struts.maven-pom" value="" />
    <property name="browser.context" value="E:\Programing Language\Code\Java NetBeans\Project\SWP391Project\test\course\controller\message_servlet" />
    <property name="nb.native.filechooser" value="false" />
    <property name="libs.testng.src" value="" />
    <property name="platform.active" value="default_platform" />
    <property name="libs.javaee-web-api-8.0.classpath" value="D:\Applications\NetBeans-17\netbeans\enterprise\modules\ext\javaee-web-api-8.0.jar" />
    <property name="sun.io.unicode.encoding" value="UnicodeLittle" />
    <property name="libs.struts.javadoc" value="D:\Applications\NetBeans-17\netbeans\enterprise\docs\struts-1.3.10-javadoc.zip" />
    <property name="default.javac.source" value="17" />
    <property name="netbeans.dynamic.classpath" value="D:\Applications\NetBeans-17\netbeans\platform\core\asm-9.4.jar;D:\Applications\NetBeans-17\netbeans\platform\core\asm-commons-9.4.jar;D:\Applications\NetBeans-17\netbeans\platform\core\asm-tree-9.4.jar;D:\Applications\NetBeans-17\netbeans\platform\core\core-base.jar;D:\Applications\NetBeans-17\netbeans\platform\core\core.jar;D:\Applications\NetBeans-17\netbeans\platform\core\org-netbeans-libs-asm.jar;D:\Applications\NetBeans-17\netbeans\platform\core\org-openide-filesystems-compat8.jar;D:\Applications\NetBeans-17\netbeans\platform\core\org-openide-filesystems.jar;D:\Applications\NetBeans-17\netbeans\nb\core\org-netbeans-upgrader.jar;D:\Applications\NetBeans-17\netbeans\nb\core\locale\core_nb.jar" />
    <property name="libs.javaee-web-api-8.0.javadoc" value="D:\Applications\NetBeans-17\netbeans\enterprise\docs\javaee-doc-api.jar" />
    <property name="flatlaf.nativeLibraryPath" value="system" />
    <property name="libs.eclipselinkmodelgen.classpath" value="D:\Applications\NetBeans-17\netbeans\java\modules\ext\eclipselink\org.eclipse.persistence.jpa.modelgen.processor-2.7.10.jar" />
    <property name="netbeans.buildnumber" value="17-ac2b269fa33a277ff09bc424fb9a5a8c63ed2194" />
    <property name="ant.file.SWP391Project-impl" value="E:\Programing Language\Code\Java NetBeans\Project\SWP391Project\nbproject\build-impl.xml" />
    <property name="php.global.include.path" value="" />
    <property name="endorsed.classpath.cmd.line.arg" value="" />
    <property name="source.root" value="src" />
    <property name="libs.jpa20-persistence.maven-pom" value="" />
    <property name="os.name" value="Windows 11" />
    <property name="libs.CopyLibs.maven-pom" value="" />
    <property name="libs.jakartaee-api-8.0.maven-pom" value="" />
    <property name="jdkBug6558476" value="false" />
    <property name="javadoc.author" value="false" />
    <property name="libs.jsp-compilation-syscp.javadoc" value="" />
    <property name="source.encoding" value="UTF-8" />
    <property name="jar.compress" value="false" />
    <property name="libs.javaee-api-7.0.javadoc" value="D:\Applications\NetBeans-17\netbeans\enterprise\docs\javaee-doc-api.jar" />
    <property name="flatlaf.updateUIOnSystemFontChange" value="false" />
    <property name="libs.spring-webmvc5.0.src" value="" />
    <property name="libs.jsf20.maven-pom" value="" />
    <property name="libs.restlib.classpath" value="D:\Applications\NetBeans-17\netbeans\enterprise\modules\ext\jersey2\jakarta.annotation-api-1.3.5.jar;D:\Applications\NetBeans-17\netbeans\enterprise\modules\ext\jersey2\jakarta.persistence-api-2.2.3.jar;D:\Applications\NetBeans-17\netbeans\enterprise\modules\ext\jersey2\jakarta.servlet-api-4.0.4.jar;D:\Applications\NetBeans-17\netbeans\enterprise\modules\ext\jersey2\jakarta.validation-api-2.0.2.jar;D:\Applications\NetBeans-17\netbeans\enterprise\modules\ext\jersey2\jakarta.xml.bind-api-2.3.3.jar;D:\Applications\NetBeans-17\netbeans\enterprise\modules\ext\jersey2\jersey-client-2.34.jar;D:\Applications\NetBeans-17\netbeans\enterprise\modules\ext\jersey2\jersey-common-2.34.jar;D:\Applications\NetBeans-17\netbeans\enterprise\modules\ext\jersey2\jersey-server-2.34.jar;D:\Applications\NetBeans-17\netbeans\enterprise\modules\ext\jersey2\jersey-entity-filtering-2.34.jar;D:\Applications\NetBeans-17\netbeans\enterprise\modules\ext\jersey2\jersey-hk2-2.34.jar;D:\Applications\NetBeans-17\netbeans\enterprise\modules\ext\jersey2\jersey-media-moxy-2.34.jar;D:\Applications\NetBeans-17\netbeans\enterprise\modules\ext\jersey2\jersey-container-servlet-2.34.jar;D:\Applications\NetBeans-17\netbeans\enterprise\modules\ext\jersey2\jersey-container-servlet-core-2.34.jar;D:\Applications\NetBeans-17\netbeans\enterprise\modules\ext\jersey2\hk2-api-2.6.1.jar;D:\Applications\NetBeans-17\netbeans\enterprise\modules\ext\jersey2\hk2-locator-2.6.1.jar;D:\Applications\NetBeans-17\netbeans\enterprise\modules\ext\jersey2\hk2-utils-2.6.1.jar;D:\Applications\NetBeans-17\netbeans\enterprise\modules\ext\jersey2\jakarta.inject-2.6.1.jar;D:\Applications\NetBeans-17\netbeans\enterprise\modules\ext\jersey2\aopalliance-repackaged-2.6.1.jar;D:\Applications\NetBeans-17\netbeans\enterprise\modules\ext\jersey2\osgi.core-8.0.0.jar;D:\Applications\NetBeans-17\netbeans\enterprise\modules\ext\jersey2\osgi-resource-locator-1.0.3.jar;D:\Applications\NetBeans-17\netbeans\java\modules\ext\eclipselink\org.eclipse.persistence.core-2.7.10.jar;D:\Applications\NetBeans-17\netbeans\java\modules\ext\eclipselink\org.eclipse.persistence.asm-9.2.0.jar;D:\Applications\NetBeans-17\netbeans\java\modules\ext\eclipselink\org.eclipse.persistence.antlr-2.7.10.jar;D:\Applications\NetBeans-17\netbeans\java\modules\ext\eclipselink\org.eclipse.persistence.jpa-2.7.10.jar;D:\Applications\NetBeans-17\netbeans\java\modules\ext\eclipselink\org.eclipse.persistence.jpa.jpql-2.7.10.jar;D:\Applications\NetBeans-17\netbeans\java\modules\ext\eclipselink\org.eclipse.persistence.moxy-2.7.10.jar" />
    <property name="libs.jakartaee-web-api-8.0.javadoc" value="D:\Applications\NetBeans-17\netbeans\enterprise\docs\jakartaee8-doc-api.jar" />
    <property name="apple.awt.graphics.UseQuartz" value="true" />
    <property name="libs.graaljs.src" value="" />
    <property name="libs.MyLibrary.src" value="" />
    <property name="libs.primefaces.src" value="" />
    <property name="ant.file.SWP391Project" value="E:\Programing Language\Code\Java NetBeans\Project\SWP391Project\build.xml" />
    <property name="ant.file" value="E:\Programing Language\Code\Java NetBeans\Project\SWP391Project\build.xml" />
    <property name="j2ee.server.type" value="Tomcat" />
    <property name="libs.struts.src" value="" />
    <property name="path.separator" value=";" />
    <property name="libs.JAXB-ENDORSED.classpath" value="D:\Applications\NetBeans-17\netbeans\ide\modules\ext\jaxb\api\jaxb-api.jar" />
    <property name="libs.restlib.src" value="" />
    <property name="auxiliary.org-netbeans-modules-css-prep.sass_2e_compiler_2e_options" value="" />
    <property name="build.test.results.dir" value="build/test/results" />
    <property name="libs.jaxws21.javadoc" value="D:\Applications\NetBeans-17\netbeans\java\docs\jaxws-api-doc.zip" />
    <property name="libs.javaee-endorsed-api-6.0.javadoc" value="D:\Applications\NetBeans-17\netbeans\enterprise\docs\javaee-doc-api.jar" />
    <property name="libs.spring-framework400.maven-pom" value="" />
    <property name="ap.processors.internal" value="" />
    <property name="libs.jsf12.classpath" value="D:\Applications\NetBeans-17\netbeans\enterprise\modules\ext\jsf-1_2\jsf-api.jar;D:\Applications\NetBeans-17\netbeans\enterprise\modules\ext\jsf-1_2\jsf-impl.jar" />
    <property name="libs.spring-webmvc5.0.javadoc" value="" />
    <property name="libs.MyLibrary.classpath" value="E:\Programing Language\Library\Java Web Application Netbeans\Jarkata Lib\jakarta.activation-2.0.1.jar;E:\Programing Language\Library\Java Web Application Netbeans\Jarkata Lib\jakarta.mail-2.0.1.jar;E:\Programing Language\Library\Java Web Application Netbeans\Jarkata Lib\jakarta.servlet.jsp.jstl-2.0.0.jar;E:\Programing Language\Library\Java Web Application Netbeans\Jarkata Lib\jakarta.servlet.jsp.jstl-api-2.0.0.jar;E:\Programing Language\Library\Java Web Application Netbeans\Jarkata Lib\jaxb-api-2.1.jar;E:\Programing Language\Library\Java Web Application Netbeans\Jarkata Lib\sqljdbc42.jar;E:\Programing Language\Library\Java Web Application Netbeans\Jackson Lib\jackson-annotations-2.15.2-javadoc.jar;E:\Programing Language\Library\Java Web Application Netbeans\Jackson Lib\jackson-core-2.15.2-javadoc.jar;E:\Programing Language\Library\Java Web Application Netbeans\Jackson Lib\jackson-databind-2.15.2-javadoc.jar;E:\Programing Language\Library\Java Web Application Netbeans\Mock Lib\byte-buddy-1.12.12.jar;E:\Programing Language\Library\Java Web Application Netbeans\Mock Lib\mockito-core-2.8.47.jar;E:\Programing Language\Library\Java Web Application Netbeans\Mock Lib\objenesis-3.2.jar;E:\Programing Language\Library\Java Web Application Netbeans\Lombok Lib\lombok-1.18.30.jar" />
    <property name="libs.hamcrest.javadoc" value="" />
    <property name="libs.spring-framework400.javadoc" value="" />
    <property name="java.vm.info" value="mixed mode, sharing" />
    <property name="libs.primefaces.classpath" value="D:\Applications\NetBeans-17\netbeans\enterprise\modules\ext\primefaces\primefaces-5.0.jar" />
    <property name="libs.jaxws21.maven-pom" value="" />
    <property name="run.test.classpath" value="D:\Applications\NetBeans-17\netbeans\platform\modules\ext\junit-4.13.2.jar:D:\Applications\NetBeans-17\netbeans\platform\modules\ext\hamcrest-core-1.3.jar:E:\Programing Language\Library\Java Web Application Netbeans\Jarkata Lib\jakarta.activation-2.0.1.jar;E:\Programing Language\Library\Java Web Application Netbeans\Jarkata Lib\jakarta.mail-2.0.1.jar;E:\Programing Language\Library\Java Web Application Netbeans\Jarkata Lib\jakarta.servlet.jsp.jstl-2.0.0.jar;E:\Programing Language\Library\Java Web Application Netbeans\Jarkata Lib\jakarta.servlet.jsp.jstl-api-2.0.0.jar;E:\Programing Language\Library\Java Web Application Netbeans\Jarkata Lib\jaxb-api-2.1.jar;E:\Programing Language\Library\Java Web Application Netbeans\Jarkata Lib\sqljdbc42.jar;E:\Programing Language\Library\Java Web Application Netbeans\Jackson Lib\jackson-annotations-2.15.2-javadoc.jar;E:\Programing Language\Library\Java Web Application Netbeans\Jackson Lib\jackson-core-2.15.2-javadoc.jar;E:\Programing Language\Library\Java Web Application Netbeans\Jackson Lib\jackson-databind-2.15.2-javadoc.jar;E:\Programing Language\Library\Java Web Application Netbeans\Mock Lib\byte-buddy-1.12.12.jar;E:\Programing Language\Library\Java Web Application Netbeans\Mock Lib\mockito-core-2.8.47.jar;E:\Programing Language\Library\Java Web Application Netbeans\Mock Lib\objenesis-3.2.jar;E:\Programing Language\Library\Java Web Application Netbeans\Lombok Lib\lombok-1.18.30.jar:build/web/WEB-INF/classes:build/test/classes" />
    <property name="build.meta.inf.dir" value="build/web/META-INF" />
    <property name="javadoc.encoding.used" value="UTF-8" />
    <property name="java.class.version" value="61.0" />
    <property name="src.dir" value="src/java" />
    <property name="debug.classpath" value="build/web/WEB-INF/classes:D:\Applications\NetBeans-17\netbeans\platform\modules\ext\junit-4.13.2.jar:D:\Applications\NetBeans-17\netbeans\platform\modules\ext\hamcrest-core-1.3.jar:E:\Programing Language\Library\Java Web Application Netbeans\Jarkata Lib\jakarta.activation-2.0.1.jar;E:\Programing Language\Library\Java Web Application Netbeans\Jarkata Lib\jakarta.mail-2.0.1.jar;E:\Programing Language\Library\Java Web Application Netbeans\Jarkata Lib\jakarta.servlet.jsp.jstl-2.0.0.jar;E:\Programing Language\Library\Java Web Application Netbeans\Jarkata Lib\jakarta.servlet.jsp.jstl-api-2.0.0.jar;E:\Programing Language\Library\Java Web Application Netbeans\Jarkata Lib\jaxb-api-2.1.jar;E:\Programing Language\Library\Java Web Application Netbeans\Jarkata Lib\sqljdbc42.jar;E:\Programing Language\Library\Java Web Application Netbeans\Jackson Lib\jackson-annotations-2.15.2-javadoc.jar;E:\Programing Language\Library\Java Web Application Netbeans\Jackson Lib\jackson-core-2.15.2-javadoc.jar;E:\Programing Language\Library\Java Web Application Netbeans\Jackson Lib\jackson-databind-2.15.2-javadoc.jar;E:\Programing Language\Library\Java Web Application Netbeans\Mock Lib\byte-buddy-1.12.12.jar;E:\Programing Language\Library\Java Web Application Netbeans\Mock Lib\mockito-core-2.8.47.jar;E:\Programing Language\Library\Java Web Application Netbeans\Mock Lib\objenesis-3.2.jar;E:\Programing Language\Library\Java Web Application Netbeans\Lombok Lib\lombok-1.18.30.jar" />
    <property name="ant.project.default-target" value="default" />
    <property name="excludes" value="" />
    <property name="web.docbase.dir" value="web" />
    <property name="libs.javaee-api-7.0.src" value="" />
    <property name="sun.jnu.encoding" value="Cp1252" />
    <property name="libs.junit_4.javadoc" value="D:\Applications\NetBeans-17\netbeans\platform\docs\junit-4.13.2-javadoc.jar" />
    <property name="libs.spring-webmvc4.0.src" value="" />
    <property name="sun.java2d.dpiaware" value="true" />
    <property name="libs.jsf20.javadoc" value="D:\Applications\NetBeans-17\netbeans\enterprise\docs\javaee-doc-api.jar" />
    <property name="netbeans.importclass" value="org.netbeans.upgrade.AutoUpgrade" />
    <property name="netbeans.autoupdate.version" value="1.23" />
    <property name="empty.dir" value="E:\Programing Language\Code\Java NetBeans\Project\SWP391Project\build\empty" />
    <property name="libs.jakartaee-api-10.0.classpath" value="D:\Applications\NetBeans-17\netbeans\enterprise\modules\ext\jakarta.jakartaee-api-10.0.0.jar" />
    <property name="netbeans.user" value="C:\Users\quann\AppData\Roaming\NetBeans\17" />
    <property name="file.separator" value="\" />
    <property name="line.separator" value="&#xd;&#xa;" />
    <property name="javadoc.additionalparam" value="" />
    <property name="libs.spring-webmvc5.0.classpath" value="D:\Applications\NetBeans-17\netbeans\java\modules\ext\spring-5\spring-webmvc-5.2.9.RELEASE.jar" />
    <property name="libs.restlib.maven-pom" value="" />
    <property name="javac.debug" value="true" />
    <property name="libs.testng.classpath" value="D:\Applications\NetBeans-17\netbeans\platform\modules\ext\testng-6.14.3.jar;D:\Applications\NetBeans-17\netbeans\platform\modules\ext\jcommander-1.78.jar" />
    <property name="libs.jsp-compiler.src" value="" />
    <property name="user.name" value="quann" />
    <property name="build.classes.dir" value="build/web/WEB-INF/classes" />
    <property name="nb.junit.single" value="false" />
    <property name="javadoc.windowtitle" value="" />
    <property name="nb.internal.action.name" value="test.single" />
    <property name="libs.javaee-api-8.0.maven-pom" value="" />
    <property name="runmain.jvmargs" value="" />
    <property name="libs.jaxws21.src" value="" />
    <property name="libs.jakartaee-web-api-9.0.javadoc" value="D:\Applications\NetBeans-17\netbeans\enterprise\docs\jakartaee9-doc-api.jar" />
    <property name="jna.loaded" value="true" />
    <property name="libs.junit_5.maven-pom" value="" />
    <property name="libs.jpa20-persistence.javadoc" value="D:\Applications\NetBeans-17\netbeans\java\modules\ext\docs\jakarta.persistence-2.2.3-doc.zip" />
    <property name="ant.junit.enabletestlistenerevents" value="true" />
    <property name="libs.JWSAntTasks.src" value="" />
    <property name="ant.home" value="D:\Applications\NetBeans-17\netbeans\extide\ant" />
    <property name="libs.spring-webmvc3.0.src" value="" />
    <property name="have.tests" value="true" />
    <property name="debug.test.classpath" value="D:\Applications\NetBeans-17\netbeans\platform\modules\ext\junit-4.13.2.jar:D:\Applications\NetBeans-17\netbeans\platform\modules\ext\hamcrest-core-1.3.jar:E:\Programing Language\Library\Java Web Application Netbeans\Jarkata Lib\jakarta.activation-2.0.1.jar;E:\Programing Language\Library\Java Web Application Netbeans\Jarkata Lib\jakarta.mail-2.0.1.jar;E:\Programing Language\Library\Java Web Application Netbeans\Jarkata Lib\jakarta.servlet.jsp.jstl-2.0.0.jar;E:\Programing Language\Library\Java Web Application Netbeans\Jarkata Lib\jakarta.servlet.jsp.jstl-api-2.0.0.jar;E:\Programing Language\Library\Java Web Application Netbeans\Jarkata Lib\jaxb-api-2.1.jar;E:\Programing Language\Library\Java Web Application Netbeans\Jarkata Lib\sqljdbc42.jar;E:\Programing Language\Library\Java Web Application Netbeans\Jackson Lib\jackson-annotations-2.15.2-javadoc.jar;E:\Programing Language\Library\Java Web Application Netbeans\Jackson Lib\jackson-core-2.15.2-javadoc.jar;E:\Programing Language\Library\Java Web Application Netbeans\Jackson Lib\jackson-databind-2.15.2-javadoc.jar;E:\Programing Language\Library\Java Web Application Netbeans\Mock Lib\byte-buddy-1.12.12.jar;E:\Programing Language\Library\Java Web Application Netbeans\Mock Lib\mockito-core-2.8.47.jar;E:\Programing Language\Library\Java Web Application Netbeans\Mock Lib\objenesis-3.2.jar;E:\Programing Language\Library\Java Web Application Netbeans\Lombok Lib\lombok-1.18.30.jar:build/web/WEB-INF/classes:build/test/classes" />
    <property name="testng.debug.mode" value="" />
    <property name="javac.target" value="17" />
    <property name="ant.version" value="Apache Ant(TM) version 1.10.8 compiled on May 10 2020" />
    <property name="libs.absolutelayout.maven-pom" value="" />
    <property name="libs.spring-framework500.src" value="" />
    <property name="user.properties.file" value="C:\Users\quann\AppData\Roaming\NetBeans\17\build.properties" />
    <property name="libs.javaee-api-6.0.src" value="" />
    <property name="netbeans.autoupdate.country" value="US" />
    <property name="nb.wait.for.caches" value="true" />
    <property name="persistence.xml.dir" value="src/conf" />
    <property name="java.class.path" value="D:\Applications\NetBeans-17\netbeans\platform\modules\ext\junit-4.13.2.jar;D:\Applications\NetBeans-17\netbeans\platform\modules\ext\hamcrest-core-1.3.jar;E:\Programing Language\Library\Java Web Application Netbeans\Jarkata Lib\jakarta.activation-2.0.1.jar;E:\Programing Language\Library\Java Web Application Netbeans\Jarkata Lib\jakarta.mail-2.0.1.jar;E:\Programing Language\Library\Java Web Application Netbeans\Jarkata Lib\jakarta.servlet.jsp.jstl-2.0.0.jar;E:\Programing Language\Library\Java Web Application Netbeans\Jarkata Lib\jakarta.servlet.jsp.jstl-api-2.0.0.jar;E:\Programing Language\Library\Java Web Application Netbeans\Jarkata Lib\jaxb-api-2.1.jar;E:\Programing Language\Library\Java Web Application Netbeans\Jarkata Lib\sqljdbc42.jar;E:\Programing Language\Library\Java Web Application Netbeans\Jackson Lib\jackson-annotations-2.15.2-javadoc.jar;E:\Programing Language\Library\Java Web Application Netbeans\Jackson Lib\jackson-core-2.15.2-javadoc.jar;E:\Programing Language\Library\Java Web Application Netbeans\Jackson Lib\jackson-databind-2.15.2-javadoc.jar;E:\Programing Language\Library\Java Web Application Netbeans\Mock Lib\byte-buddy-1.12.12.jar;E:\Programing Language\Library\Java Web Application Netbeans\Mock Lib\mockito-core-2.8.47.jar;E:\Programing Language\Library\Java Web Application Netbeans\Mock Lib\objenesis-3.2.jar;E:\Programing Language\Library\Java Web Application Netbeans\Lombok Lib\lombok-1.18.30.jar;E:\Programing Language\Code\Java NetBeans\Project\SWP391Project\build\web\WEB-INF\classes;E:\Programing Language\Code\Java NetBeans\Project\SWP391Project\build\test\classes;D:\Applications\Apache Software Foundation\Tomcat 10.1\bin\tomcat-juli.jar;D:\Applications\Apache Software Foundation\Tomcat 10.1\lib\annotations-api.jar;D:\Applications\Apache Software Foundation\Tomcat 10.1\lib\catalina-ant.jar;D:\Applications\Apache Software Foundation\Tomcat 10.1\lib\catalina-ha.jar;D:\Applications\Apache Software Foundation\Tomcat 10.1\lib\catalina-ssi.jar;D:\Applications\Apache Software Foundation\Tomcat 10.1\lib\catalina-storeconfig.jar;D:\Applications\Apache Software Foundation\Tomcat 10.1\lib\catalina-tribes.jar;D:\Applications\Apache Software Foundation\Tomcat 10.1\lib\catalina.jar;D:\Applications\Apache Software Foundation\Tomcat 10.1\lib\ecj-4.27.jar;D:\Applications\Apache Software Foundation\Tomcat 10.1\lib\el-api.jar;D:\Applications\Apache Software Foundation\Tomcat 10.1\lib\jakartaee-migration-1.0.9-shaded.jar;D:\Applications\Apache Software Foundation\Tomcat 10.1\lib\jasper-el.jar;D:\Applications\Apache Software Foundation\Tomcat 10.1\lib\jasper.jar;D:\Applications\Apache Software Foundation\Tomcat 10.1\lib\jaspic-api.jar;D:\Applications\Apache Software Foundation\Tomcat 10.1\lib\jsp-api.jar;D:\Applications\Apache Software Foundation\Tomcat 10.1\lib\servlet-api.jar;D:\Applications\Apache Software Foundation\Tomcat 10.1\lib\tomcat-api.jar;D:\Applications\Apache Software Foundation\Tomcat 10.1\lib\tomcat-coyote-ffm.jar;D:\Applications\Apache Software Foundation\Tomcat 10.1\lib\tomcat-coyote.jar;D:\Applications\Apache Software Foundation\Tomcat 10.1\lib\tomcat-dbcp.jar;D:\Applications\Apache Software Foundation\Tomcat 10.1\lib\tomcat-i18n-cs.jar;D:\Applications\Apache Software Foundation\Tomcat 10.1\lib\tomcat-i18n-de.jar;D:\Applications\Apache Software Foundation\Tomcat 10.1\lib\tomcat-i18n-es.jar;D:\Applications\Apache Software Foundation\Tomcat 10.1\lib\tomcat-i18n-fr.jar;D:\Applications\Apache Software Foundation\Tomcat 10.1\lib\tomcat-i18n-ja.jar;D:\Applications\Apache Software Foundation\Tomcat 10.1\lib\tomcat-i18n-ko.jar;D:\Applications\Apache Software Foundation\Tomcat 10.1\lib\tomcat-i18n-pt-BR.jar;D:\Applications\Apache Software Foundation\Tomcat 10.1\lib\tomcat-i18n-ru.jar;D:\Applications\Apache Software Foundation\Tomcat 10.1\lib\tomcat-i18n-zh-CN.jar;D:\Applications\Apache Software Foundation\Tomcat 10.1\lib\tomcat-jdbc.jar;D:\Applications\Apache Software Foundation\Tomcat 10.1\lib\tomcat-jni.jar;D:\Applications\Apache Software Foundation\Tomcat 10.1\lib\tomcat-util-scan.jar;D:\Applications\Apache Software Foundation\Tomcat 10.1\lib\tomcat-util.jar;D:\Applications\Apache Software Foundation\Tomcat 10.1\lib\tomcat-websocket.jar;D:\Applications\Apache Software Foundation\Tomcat 10.1\lib\websocket-api.jar;D:\Applications\Apache Software Foundation\Tomcat 10.1\lib\websocket-client-api.jar;D:\Applications\NetBeans-17\netbeans\extide\ant\lib\ant-launcher.jar;D:\Applications\NetBeans-17\netbeans\extide\ant\lib\ant.jar;D:\Applications\NetBeans-17\netbeans\extide\ant\lib\ant-junit.jar;D:\Applications\NetBeans-17\netbeans\extide\ant\lib\ant-junit4.jar" />
    <property name="libs.javaee-web-api-6.0.maven-pom" value="" />
    <property name="java.vm.vendor" value="Oracle Corporation" />
    <property name="ap.supported.internal" value="true" />
    <property name="user.variant" value="" />
    <property name="netbeans.home+have.tests" value="true" />
    <property name="conf.dir" value="src/conf" />
    <property name="test.binaryexcludes" value="" />
    <property name="javac.compilerargs" value="" />
    <property name="libs.jstl.maven-pom" value="" />
    <property name="libs.jakartaee-web-api-8.0.src" value="" />
    <property name="has.custom.manifest" value="true" />
    <property name="sun.cpu.endian" value="little" />
    <property name="libs.junit_4.src" value="D:\Applications\NetBeans-17\netbeans\platform\docs\junit-4.13.2-sources.jar" />
    <property name="libs.jakartaee-api-9.0.src" value="" />
    <property name="user.language" value="en" />
    <property name="resource.dir" value="setup" />
    <property name="libs.javaee-web-api-6.0.src" value="" />
    <property name="maven.defaultProjectBuilder.disableGlobalModelCache" value="true" />
    <property name="javadoc.nonavbar" value="false" />
    <property name="libs.javaee-api-8.0.src" value="" />
    <property name="ant.java.version" value="17" />
    <property name="libs.junit_4.classpath" value="D:\Applications\NetBeans-17\netbeans\platform\modules\ext\junit-4.13.2.jar" />
    <property name="libs.jakartaee-api-9.0.javadoc" value="D:\Applications\NetBeans-17\netbeans\enterprise\docs\jakartaee9-doc-api.jar" />
    <property name="dist.war" value="dist/SWP391Project.war" />
    <property name="war.content.additional" value="" />
    <property name="test.binarytestincludes" value="" />
    <property name="sun.awt.keepWorkingSetOnMinimize" value="true" />
    <property name="libs.spring-webmvc5.0.maven-pom" value="" />
    <property name="libs.junit_4.maven-pom" value="" />
    <property name="libs.jsp-compiler.maven-pom" value="" />
    <property name="libs.jakartaee-web-api-10.0.javadoc" value="D:\Applications\NetBeans-17\netbeans\enterprise\docs\jakartaee10-doc-api.jar" />
    <property name="javac.classpath" value="D:\Applications\NetBeans-17\netbeans\platform\modules\ext\junit-4.13.2.jar:D:\Applications\NetBeans-17\netbeans\platform\modules\ext\hamcrest-core-1.3.jar:E:\Programing Language\Library\Java Web Application Netbeans\Jarkata Lib\jakarta.activation-2.0.1.jar;E:\Programing Language\Library\Java Web Application Netbeans\Jarkata Lib\jakarta.mail-2.0.1.jar;E:\Programing Language\Library\Java Web Application Netbeans\Jarkata Lib\jakarta.servlet.jsp.jstl-2.0.0.jar;E:\Programing Language\Library\Java Web Application Netbeans\Jarkata Lib\jakarta.servlet.jsp.jstl-api-2.0.0.jar;E:\Programing Language\Library\Java Web Application Netbeans\Jarkata Lib\jaxb-api-2.1.jar;E:\Programing Language\Library\Java Web Application Netbeans\Jarkata Lib\sqljdbc42.jar;E:\Programing Language\Library\Java Web Application Netbeans\Jackson Lib\jackson-annotations-2.15.2-javadoc.jar;E:\Programing Language\Library\Java Web Application Netbeans\Jackson Lib\jackson-core-2.15.2-javadoc.jar;E:\Programing Language\Library\Java Web Application Netbeans\Jackson Lib\jackson-databind-2.15.2-javadoc.jar;E:\Programing Language\Library\Java Web Application Netbeans\Mock Lib\byte-buddy-1.12.12.jar;E:\Programing Language\Library\Java Web Application Netbeans\Mock Lib\mockito-core-2.8.47.jar;E:\Programing Language\Library\Java Web Application Netbeans\Mock Lib\objenesis-3.2.jar;E:\Programing Language\Library\Java Web Application Netbeans\Lombok Lib\lombok-1.18.30.jar" />
    <property name="libs.jakartaee-web-api-8.0.classpath" value="D:\Applications\NetBeans-17\netbeans\enterprise\modules\ext\jakarta.jakartaee-web-api-8.0.0.jar" />
    <property name="nb.junit.batch" value="true" />
    <property name="libs.jakartaee-web-api-10.0.maven-pom" value="" />
    <property name="build.test.classes.dir" value="build/test/classes" />
    <property name="libs.spring-framework300.maven-pom" value="" />
    <property name="ant.project.invoked-targets" value="test" />
    <property name="libs.jstl.classpath" value="D:\Applications\NetBeans-17\netbeans\enterprise\modules\ext\jstl-impl.jar;D:\Applications\NetBeans-17\netbeans\enterprise\modules\ext\jstl-api.jar" />
    <property name="ap.cmd.line.internal" value="" />
    <property name="client.urlPart" value="" />
    <property name="libs.PostgreSQLDriver.src" value="" />
    <property name="java.vendor.url.bug" value="https://bugreport.java.com/bugreport/" />
    <property name="annotation.processing.source.output" value="build/generated-sources/ap-source-output" />
    <property name="ant.file.type.SWP391Project" value="file" />
    <property name="libs.javaee-endorsed-api-6.0.maven-pom" value="" />
    <property name="user.dir" value="E:\Programing Language\Code\Java NetBeans\Project\SWP391Project" />
    <property name="no.dist.ear.dir" value="true" />
    <property name="org.xml.sax.driver" value="com.sun.org.apache.xerces.internal.jaxp.SAXParserImpl$JAXPSAXParser" />
    <property name="libs.jakartaee-web-api-8.0.maven-pom" value="" />
    <property name="libs.eclipselink.src" value="" />
    <property name="java.vm.version" value="17.0.12+8-LTS-286" />
    <property name="libs.metro.javadoc" value="D:\Applications\NetBeans-17\netbeans\enterprise\docs\webservices-api-javadoc.jar;D:\Applications\NetBeans-17\netbeans\enterprise\docs\webservices-extra-javadoc.jar;D:\Applications\NetBeans-17\netbeans\enterprise\docs\webservices-extra-api-javadoc.jar;D:\Applications\NetBeans-17\netbeans\enterprise\docs\webservices-rt-javadoc.jar;D:\Applications\NetBeans-17\netbeans\enterprise\docs\webservices-tools-javadoc.jar" />
    <property name="libs.jakartaee-web-api-9.0.src" value="" />
    <property name="sun.awt.datatransfer.timeout" value="1000" />
    <property name="libs.jakartaee-web-api-10.0.classpath" value="D:\Applications\NetBeans-17\netbeans\enterprise\modules\ext\jakarta.jakartaee-web-api-10.0.0.jar" />
    <property name="war.name" value="SWP391Project.war" />
    <property name="libs.jsp-compiler.classpath" value="D:\Applications\NetBeans-17\netbeans\enterprise\ant\extra\jspcompile.jar" />
    <property name="libs.jakartaee-api-8.0.src" value="" />
    <property name="libs.javaee-web-api-7.0.src" value="" />
    <property name="annotation.processing.run.all.processors" value="true" />
    <property name="libs.javaee-endorsed-api-6.0.classpath" value="D:\Applications\NetBeans-17\netbeans\enterprise\modules\ext\javaee6-endorsed\javax.annotation.jar;D:\Applications\NetBeans-17\netbeans\enterprise\modules\ext\javaee6-endorsed\jaxb-api-osgi.jar;D:\Applications\NetBeans-17\netbeans\enterprise\modules\ext\javaee6-endorsed\webservices-api-osgi.jar" />
  </properties>
  <testcase classname="course.controller.message_servlet.MessageServletTest" name="testDoGetTrueParam" time="0.817" />
  <testcase classname="course.controller.message_servlet.MessageServletTest" name="testDoPostSendMessage" time="0.039" />
  <testcase classname="course.controller.message_servlet.MessageServletTest" name="testDoGetWrongParam" time="0.018" />
  <testcase classname="course.controller.message_servlet.MessageServletTest" name="testDoPostDeleteMessage" time="0.022" />
  <testcase classname="course.controller.message_servlet.MessageServletTest" name="testDoPostWrongParam" time="0.026" />
  <testcase classname="course.controller.message_servlet.MessageServletTest" name="testUnknownActionException" time="0.019" />
  <testcase classname="course.controller.message_servlet.MessageServletTest" name="testDoPostEditMessage" time="0.02" />
  <system-out><![CDATA[]]></system-out>
  <system-err><![CDATA[]]></system-err>
</testsuite>
